Turbo Assembler	 Version 3.1	    05/26/20 01:28:00	    Page 1
lab.ASM



      1					 .386
      2
      3					 AxPlusOne   MACRO
      4					   Inc	 AX
      5					 ENDM
      6
      7	00000000			 DATA	 SEGMENT
      8	00000000  0015			 HEX16	 DW  15H
      9	00000002  0000000A		 DEC10	 DD  10D
     10	00000006  95			 BIN2	 DB  10010101B
     11	00000007  73 54	72 69 6E 67	 STRING	 DB  "sTring"
     12	0000000D			 DATA	 ENDS
     13
     14	00000000			 DATA2	 SEGMENT
     15	00000000  0005			 VV1	 DW  5H
     16	00000002			 DATA2	 ENDS
     17
     18	00000000			 CODE	 SEGMENT
     19						 ASSUME	CS:CODE, DS:DATA, ES:DATA2
     20	00000000  000F				 Val   DW  15D
     21	00000002			     Begin:
     22
     23	00000002  76 04	90 90 90 90		 Jbe	 Jump
     24	00000008				 Jump:
     25
     26	00000008  66| 26: 67| 8B 99   +		 Mov	 BX, VV1[BX + DI]
     27		  0000r
     28	0000000F  66| BB 0000			 Mov	 BX, 0
     29	00000013  66| BF 0000			 Mov	 DI, 0
     30	00000017  66| 2E: 67| 8B 81   +		 Mov	 AX, CS:Val[BX + DI]
     31		  0000r
     32						 AxPlusOne
1    33	0000001E  66| 40		   Inc	 AX
     34	00000020  66| 3E: 67| 09 82   +		 Or	 HEX16[BP + SI], AX
     35		  0000r
     36	00000027  3E: 67| 20 A3	0006r		 And	 BIN2[BP + DI],	AH
     37	0000002D  66| BE 0002			 Mov	 SI, 2
     38	00000031  66| B8 000F			 Mov	 AX, 15
     39	00000035  66| 2E: 67| 39 82   +		 Cmp	 CS:Val[BP + SI], AX
     40		  0000r
     41	0000003C  66| 13 C3			 Adc	 AX, BX
     42	0000003F  66| 98			 Cbw
     43	00000041  76 BF			     Jbe     Begin
     44
     45	00000043			 Code	 ENDS
     46					 END
Turbo Assembler	 Version 3.1	    05/26/20 01:28:00	    Page 2
Symbol Table




Symbol Name			  Type	 Value

??DATE				  Text	 "05/26/20"
??FILENAME			  Text	 "lab	  "
??TIME				  Text	 "01:28:00"
??VERSION			  Number 030A
@CPU				  Text	 0F0FH
@CURSEG				  Text	 CODE
@FILENAME			  Text	 LAB
@WORDSIZE			  Text	 4
BEGIN				  Near	 CODE:0002
BIN2				  Byte	 DATA:0006
DEC10				  Dword	 DATA:0002
HEX16				  Word	 DATA:0000
JUMP				  Near	 CODE:0008
STRING				  Byte	 DATA:0007
VAL				  Word	 CODE:0000
VV1				  Word	 DATA2:0000

Macro Name

AXPLUSONE

Groups & Segments		  Bit Size Align  Combine Class

CODE				  32  0043 Para	  none
DATA				  32  000D Para	  none
DATA2				  32  0002 Para	  none
